TN:
SF:index.js
FNF:0
FNH:0
DA:1,1
DA:3,1
LF:2
LH:2
BRF:0
BRH:0
end_of_record
TN:
SF:app/database/base.js
FN:7,(anonymous_0)
FN:15,(anonymous_1)
FN:18,(anonymous_2)
FN:21,(anonymous_3)
FN:26,(anonymous_4)
FNF:5
FNH:5
FNDA:10,(anonymous_0)
FNDA:5,(anonymous_1)
FNDA:20,(anonymous_2)
FNDA:8,(anonymous_3)
FNDA:17,(anonymous_4)
DA:1,4
DA:2,4
DA:3,4
DA:4,4
DA:8,10
DA:9,10
DA:10,10
DA:11,10
DA:12,10
DA:16,5
DA:17,5
DA:19,20
DA:22,8
DA:23,8
DA:26,4
DA:27,17
DA:28,4
DA:32,4
DA:33,4
DA:34,4
DA:36,4
DA:40,4
LF:22
LH:22
BRDA:19,0,0,20
BRDA:19,0,1,16
BRDA:19,0,2,12
BRDA:27,1,0,4
BRDA:27,1,1,13
BRF:5
BRH:5
end_of_record
TN:
SF:app/database/database.js
FNF:0
FNH:0
DA:1,3
DA:5,3
LF:2
LH:2
BRF:0
BRH:0
end_of_record
TN:
SF:app/database/index.js
FNF:0
FNH:0
DA:1,2
DA:3,2
LF:2
LH:2
BRF:0
BRH:0
end_of_record
